This is pdfTeX, Version 3.141592653-2.6-1.40.26 (TeX Live 2024) (preloaded format=pdflatex 2025.1.26)  7 OCT 2025 10:58
entering extended mode
 restricted \write18 enabled.
 %&-line parsing enabled.
**lab0-slides.tex
(./lab0-slides.tex
LaTeX2e <2024-11-01> patch level 1
L3 programming layer <2024-12-25>

! LaTeX Error: File `beamer.cls' not found.

Type X to quit or <RETURN> to proceed,
or enter new name. (Default extension: cls)

Enter file name: 
! Emergency stop.
<read *> 
         
l.7 \newif
          \ifbibliography^^M 
Here is how much of TeX's memory you used:
 27 strings out of 475178
 584 string characters out of 5766119
 386674 words of memory out of 5000000
 23118 multiletter control sequences out of 15000+600000
 558837 words of font info for 36 fonts, out of 8000000 for 9000
 14 hyphenation exceptions out of 8191
 19i,0n,29p,91b,17s stack positions out of 10000i,1000n,20000p,200000b,200000s

!  ==> Fatal error occurred, no output PDF file produced!
